<?xml version="1.0" encoding="UTF-8"?>
<!-- Generated by org.testng.reporters.JUnitReportReporter -->
<testsuite hostname="Prashant-PC" failures="0" tests="1" name="TestExecution.TestCase" time="28.510" errors="0" timestamp="2023-10-02T15:57:08 IST" skipped="0">
  <testcase classname="TestExecution.TestCase" name="UserReg" time="28.510"/>
  <system-out/>
</testsuite> <!-- TestExecution.TestCase -->
